{"uuid":"048916a6-0bd2-4eb1-9110-f8822708ade0","historyId":"2d06d6118ef71aadc28fb66addb114fb","fullName":"appiumproject.Appium.AppiumBasics.AppiumTest","labels":[{"name":"package","value":"appiumproject.Appium.AppiumBasics"},{"name":"testClass","value":"appiumproject.Appium.AppiumBasics"},{"name":"testMethod","value":"AppiumTest"},{"name":"parentSuite","value":"Default suite"},{"name":"suite","value":"Default test"},{"name":"subSuite","value":"appiumproject.Appium.AppiumBasics"},{"name":"host","value":"MacBook-Pro.local"},{"name":"thread","value":"1523@MacBook-Pro.local.main(1)"},{"name":"framework","value":"testng"},{"name":"language","value":"java"}],"links":[],"name":"AppiumTest","status":"broken","statusDetails":{"known":false,"muted":false,"flaky":false,"message":"The local appium server has not been started\nReason: Timed out waiting for [http://127.0.0.1:4723/status] to be available after 20006 ms\nConsider increasing the server startup timeout value (currently 20000ms)\nNode.js executable path: /usr/local/bin/node\nArguments: [/usr/local/lib/node_modules/appium/build/lib/main.js, --port, 4723, --address, 127.0.0.1]\nOutput: \u001B[35m[Appium]\u001B[39m \u001B[31m'npm' executable is not found neither in the process working folder (/Users/Apple/eclipse-workspace/Appium) nor in any folders specified in the PATH environment variable (/usr/bin:/bin:/usr/sbin:/sbin)\u001B[39m\n","trace":"io.appium.java_client.service.local.AppiumServerHasNotBeenStartedLocallyException: The local appium server has not been started\nReason: Timed out waiting for [http://127.0.0.1:4723/status] to be available after 20006 ms\nConsider increasing the server startup timeout value (currently 20000ms)\nNode.js executable path: /usr/local/bin/node\nArguments: [/usr/local/lib/node_modules/appium/build/lib/main.js, --port, 4723, --address, 127.0.0.1]\nOutput: \u001B[35m[Appium]\u001B[39m \u001B[31m'npm' executable is not found neither in the process working folder (/Users/Apple/eclipse-workspace/Appium) nor in any folders specified in the PATH environment variable (/usr/bin:/bin:/usr/sbin:/sbin)\u001B[39m\n\n\tat io.appium.java_client.service.local.AppiumDriverLocalService.start(AppiumDriverLocalService.java:203)\n\tat appiumproject.Appium.AppiumBasics.AppiumTest(AppiumBasics.java:26)\n\tat java.base/jdk.internal.reflect.NativeMethodAccessorImpl.invoke0(Native Method)\n\tat java.base/jdk.internal.reflect.NativeMethodAccessorImpl.invoke(NativeMethodAccessorImpl.java:77)\n\tat java.base/jdk.internal.reflect.DelegatingMethodAccessorImpl.invoke(DelegatingMethodAccessorImpl.java:43)\n\tat java.base/java.lang.reflect.Method.invoke(Method.java:568)\n\tat org.testng.internal.invokers.MethodInvocationHelper.invokeMethod(MethodInvocationHelper.java:139)\n\tat org.testng.internal.invokers.TestInvoker.invokeMethod(TestInvoker.java:664)\n\tat org.testng.internal.invokers.TestInvoker.invokeTestMethod(TestInvoker.java:227)\n\tat org.testng.internal.invokers.MethodRunner.runInSequence(MethodRunner.java:50)\n\tat org.testng.internal.invokers.TestInvoker$MethodInvocationAgent.invoke(TestInvoker.java:957)\n\tat org.testng.internal.invokers.TestInvoker.invokeTestMethods(TestInvoker.java:200)\n\tat org.testng.internal.invokers.TestMethodWorker.invokeTestMethods(TestMethodWorker.java:148)\n\tat org.testng.internal.invokers.TestMethodWorker.run(TestMethodWorker.java:128)\n\tat java.base/java.util.ArrayList.forEach(ArrayList.java:1511)\n\tat org.testng.TestRunner.privateRun(TestRunner.java:848)\n\tat org.testng.TestRunner.run(TestRunner.java:621)\n\tat org.testng.SuiteRunner.runTest(SuiteRunner.java:443)\n\tat org.testng.SuiteRunner.runSequentially(SuiteRunner.java:437)\n\tat org.testng.SuiteRunner.privateRun(SuiteRunner.java:397)\n\tat org.testng.SuiteRunner.run(SuiteRunner.java:336)\n\tat org.testng.SuiteRunnerWorker.runSuite(SuiteRunnerWorker.java:52)\n\tat org.testng.SuiteRunnerWorker.run(SuiteRunnerWorker.java:95)\n\tat org.testng.TestNG.runSuitesSequentially(TestNG.java:1280)\n\tat org.testng.TestNG.runSuitesLocally(TestNG.java:1200)\n\tat org.testng.TestNG.runSuites(TestNG.java:1114)\n\tat org.testng.TestNG.run(TestNG.java:1082)\n\tat org.testng.remote.AbstractRemoteTestNG.run(AbstractRemoteTestNG.java:115)\n\tat org.testng.remote.RemoteTestNG.initAndRun(RemoteTestNG.java:251)\n\tat org.testng.remote.RemoteTestNG.main(RemoteTestNG.java:77)\nCaused by: org.openqa.selenium.net.UrlChecker$TimeoutException: Timed out waiting for [http://127.0.0.1:4723/status] to be available after 20006 ms\n\tat org.openqa.selenium.net.UrlChecker.waitUntilAvailable(UrlChecker.java:94)\n\tat io.appium.java_client.service.local.AppiumDriverLocalService.ping(AppiumDriverLocalService.java:157)\n\tat io.appium.java_client.service.local.AppiumDriverLocalService.start(AppiumDriverLocalService.java:182)\n\t... 29 more\nCaused by: java.util.concurrent.TimeoutException\n\tat java.base/java.util.concurrent.FutureTask.get(FutureTask.java:204)\n\tat org.openqa.selenium.net.UrlChecker.waitUntilAvailable(UrlChecker.java:91)\n\t... 31 more\n"},"stage":"finished","steps":[],"attachments":[],"parameters":[],"start":1703404332172,"stop":1703404352237}