{"uuid":"0d116ff4-79fd-4eb4-b8f3-56d7670104e9","historyId":"2d06d6118ef71aadc28fb66addb114fb","fullName":"appiumproject.Appium.AppiumBasics.AppiumTest","labels":[{"name":"package","value":"appiumproject.Appium.AppiumBasics"},{"name":"testClass","value":"appiumproject.Appium.AppiumBasics"},{"name":"testMethod","value":"AppiumTest"},{"name":"parentSuite","value":"Default suite"},{"name":"suite","value":"Default test"},{"name":"subSuite","value":"appiumproject.Appium.AppiumBasics"},{"name":"host","value":"MacBook-Pro.local"},{"name":"thread","value":"1794@MacBook-Pro.local.main(1)"},{"name":"framework","value":"testng"},{"name":"language","value":"java"}],"links":[],"name":"AppiumTest","status":"broken","statusDetails":{"known":false,"muted":false,"flaky":false,"message":"The local appium server has not been started\nReason: Timed out waiting for [http://127.0.0.1:4723/status] to be available after 20005 ms\nConsider increasing the server startup timeout value (currently 20000ms)\nNode.js executable path: /usr/local/bin/node\nArguments: [/usr/local/lib/node_modules/appium/build/lib/main.js, --port, 4723, --address, 127.0.0.1]\nOutput: \u001B[35m[Appium]\u001B[39m \u001B[31m'npm' executable is not found neither in the process working folder (/Users/Apple/eclipse-workspace/Appium) nor in any folders specified in the PATH environment variable (/usr/bin:/bin:/usr/sbin:/sbin)\u001B[39m\n","trace":"io.appium.java_client.service.local.AppiumServerHasNotBeenStartedLocallyException: The local appium server has not been started\nReason: Timed out waiting for [http://127.0.0.1:4723/status] to be available after 20005 ms\nConsider increasing the server startup timeout value (currently 20000ms)\nNode.js executable path: /usr/local/bin/node\nArguments: [/usr/local/lib/node_modules/appium/build/lib/main.js, --port, 4723, --address, 127.0.0.1]\nOutput: \u001B[35m[Appium]\u001B[39m \u001B[31m'npm' executable is not found neither in the process working folder (/Users/Apple/eclipse-workspace/Appium) nor in any folders specified in the PATH environment variable (/usr/bin:/bin:/usr/sbin:/sbin)\u001B[39m\n\n\tat io.appium.java_client.service.local.AppiumDriverLocalService.start(AppiumDriverLocalService.java:203)\n\tat appiumproject.Appium.AppiumBasics.AppiumTest(AppiumBasics.java:25)\n\tat java.base/jdk.internal.reflect.NativeMethodAccessorImpl.invoke0(Native Method)\n\tat java.base/jdk.internal.reflect.NativeMethodAccessorImpl.invoke(NativeMethodAccessorImpl.java:77)\n\tat java.base/jdk.internal.reflect.DelegatingMethodAccessorImpl.invoke(DelegatingMethodAccessorImpl.java:43)\n\tat java.base/java.lang.reflect.Method.invoke(Method.java:568)\n\tat org.testng.internal.MethodInvocationHelper.invokeMethod(MethodInvocationHelper.java:133)\n\tat org.testng.internal.TestInvoker.invokeMethod(TestInvoker.java:598)\n\tat org.testng.internal.TestInvoker.invokeTestMethod(TestInvoker.java:173)\n\tat org.testng.internal.MethodRunner.runInSequence(MethodRunner.java:46)\n\tat org.testng.internal.TestInvoker$MethodInvocationAgent.invoke(TestInvoker.java:824)\n\tat org.testng.internal.TestInvoker.invokeTestMethods(TestInvoker.java:146)\n\tat org.testng.internal.TestMethodWorker.invokeTestMethods(TestMethodWorker.java:146)\n\tat org.testng.internal.TestMethodWorker.run(TestMethodWorker.java:128)\n\tat java.base/java.util.ArrayList.forEach(ArrayList.java:1511)\n\tat org.testng.TestRunner.privateRun(TestRunner.java:794)\n\tat org.testng.TestRunner.run(TestRunner.java:596)\n\tat org.testng.SuiteRunner.runTest(SuiteRunner.java:377)\n\tat org.testng.SuiteRunner.runSequentially(SuiteRunner.java:371)\n\tat org.testng.SuiteRunner.privateRun(SuiteRunner.java:332)\n\tat org.testng.SuiteRunner.run(SuiteRunner.java:276)\n\tat org.testng.SuiteRunnerWorker.runSuite(SuiteRunnerWorker.java:53)\n\tat org.testng.SuiteRunnerWorker.run(SuiteRunnerWorker.java:96)\n\tat org.testng.TestNG.runSuitesSequentially(TestNG.java:1212)\n\tat org.testng.TestNG.runSuitesLocally(TestNG.java:1134)\n\tat org.testng.TestNG.runSuites(TestNG.java:1063)\n\tat org.testng.TestNG.run(TestNG.java:1031)\n\tat org.testng.remote.AbstractRemoteTestNG.run(AbstractRemoteTestNG.java:115)\n\tat org.testng.remote.RemoteTestNG.initAndRun(RemoteTestNG.java:251)\n\tat org.testng.remote.RemoteTestNG.main(RemoteTestNG.java:77)\nCaused by: org.openqa.selenium.net.UrlChecker$TimeoutException: Timed out waiting for [http://127.0.0.1:4723/status] to be available after 20005 ms\n\tat org.openqa.selenium.net.UrlChecker.waitUntilAvailable(UrlChecker.java:94)\n\tat io.appium.java_client.service.local.AppiumDriverLocalService.ping(AppiumDriverLocalService.java:157)\n\tat io.appium.java_client.service.local.AppiumDriverLocalService.start(AppiumDriverLocalService.java:182)\n\t... 29 more\nCaused by: java.util.concurrent.TimeoutException\n\tat java.base/java.util.concurrent.FutureTask.get(FutureTask.java:204)\n\tat org.openqa.selenium.net.UrlChecker.waitUntilAvailable(UrlChecker.java:91)\n\t... 31 more\n"},"stage":"finished","steps":[],"attachments":[],"parameters":[],"start":1703492856579,"stop":1703492876660}