{"uuid":"cda133d9-8203-4a4a-b73e-2823450b15e5","name":"appiumproject.Appium.MobileBrowserTest","children":["2f11e5bb-51df-4d92-9b31-9dde706b9e14","0e7e1803-7713-4c63-a2e6-0cc8b176f994"],"befores":[{"name":"ConfigureAppium","status":"broken","statusDetails":{"known":false,"muted":false,"flaky":false,"message":"The local appium server has not been started\nReason: Timed out waiting for [http://127.0.0.1:4723/status] to be available after 20004 ms\nConsider increasing the server startup timeout value (currently 20000ms)\nNode.js executable path: /usr/local/bin/node\nArguments: [/usr/local/lib/node_modules/appium/build/lib/main.js, --port, 4723, --address, 127.0.0.1]\nOutput: \u001B[35m[Appium]\u001B[39m \u001B[31m'npm' executable is not found neither in the process working folder (/Users/Apple/eclipse-workspace/Appium) nor in any folders specified in the PATH environment variable (/usr/bin:/bin:/usr/sbin:/sbin)\u001B[39m\n","trace":"io.appium.java_client.service.local.AppiumServerHasNotBeenStartedLocallyException: The local appium server has not been started\nReason: Timed out waiting for [http://127.0.0.1:4723/status] to be available after 20004 ms\nConsider increasing the server startup timeout value (currently 20000ms)\nNode.js executable path: /usr/local/bin/node\nArguments: [/usr/local/lib/node_modules/appium/build/lib/main.js, --port, 4723, --address, 127.0.0.1]\nOutput: \u001B[35m[Appium]\u001B[39m \u001B[31m'npm' executable is not found neither in the process working folder (/Users/Apple/eclipse-workspace/Appium) nor in any folders specified in the PATH environment variable (/usr/bin:/bin:/usr/sbin:/sbin)\u001B[39m\n\n\tat io.appium.java_client.service.local.AppiumDriverLocalService.start(AppiumDriverLocalService.java:203)\n\tat appiumproject.Appium.BrowserBaseTest.ConfigureAppium(BrowserBaseTest.java:36)\n\tat java.base/jdk.internal.reflect.NativeMethodAccessorImpl.invoke0(Native Method)\n\tat java.base/jdk.internal.reflect.NativeMethodAccessorImpl.invoke(NativeMethodAccessorImpl.java:77)\n\tat java.base/jdk.internal.reflect.DelegatingMethodAccessorImpl.invoke(DelegatingMethodAccessorImpl.java:43)\n\tat java.base/java.lang.reflect.Method.invoke(Method.java:568)\n\tat org.testng.internal.MethodInvocationHelper.invokeMethod(MethodInvocationHelper.java:133)\n\tat org.testng.internal.MethodInvocationHelper.invokeMethodConsideringTimeout(MethodInvocationHelper.java:62)\n\tat org.testng.internal.ConfigInvoker.invokeConfigurationMethod(ConfigInvoker.java:385)\n\tat org.testng.internal.ConfigInvoker.invokeConfigurations(ConfigInvoker.java:321)\n\tat org.testng.internal.TestMethodWorker.invokeBeforeClassMethods(TestMethodWorker.java:176)\n\tat org.testng.internal.TestMethodWorker.run(TestMethodWorker.java:122)\n\tat java.base/java.util.ArrayList.forEach(ArrayList.java:1511)\n\tat org.testng.TestRunner.privateRun(TestRunner.java:794)\n\tat org.testng.TestRunner.run(TestRunner.java:596)\n\tat org.testng.SuiteRunner.runTest(SuiteRunner.java:377)\n\tat org.testng.SuiteRunner.runSequentially(SuiteRunner.java:371)\n\tat org.testng.SuiteRunner.privateRun(SuiteRunner.java:332)\n\tat org.testng.SuiteRunner.run(SuiteRunner.java:276)\n\tat org.testng.SuiteRunnerWorker.runSuite(SuiteRunnerWorker.java:53)\n\tat org.testng.SuiteRunnerWorker.run(SuiteRunnerWorker.java:96)\n\tat org.testng.TestNG.runSuitesSequentially(TestNG.java:1212)\n\tat org.testng.TestNG.runSuitesLocally(TestNG.java:1134)\n\tat org.testng.TestNG.runSuites(TestNG.java:1063)\n\tat org.testng.TestNG.run(TestNG.java:1031)\n\tat org.testng.remote.AbstractRemoteTestNG.run(AbstractRemoteTestNG.java:115)\n\tat org.testng.remote.RemoteTestNG.initAndRun(RemoteTestNG.java:251)\n\tat org.testng.remote.RemoteTestNG.main(RemoteTestNG.java:77)\nCaused by: org.openqa.selenium.net.UrlChecker$TimeoutException: Timed out waiting for [http://127.0.0.1:4723/status] to be available after 20004 ms\n\tat org.openqa.selenium.net.UrlChecker.waitUntilAvailable(UrlChecker.java:94)\n\tat io.appium.java_client.service.local.AppiumDriverLocalService.ping(AppiumDriverLocalService.java:157)\n\tat io.appium.java_client.service.local.AppiumDriverLocalService.start(AppiumDriverLocalService.java:182)\n\t... 27 more\nCaused by: java.util.concurrent.TimeoutException\n\tat java.base/java.util.concurrent.FutureTask.get(FutureTask.java:204)\n\tat org.openqa.selenium.net.UrlChecker.waitUntilAvailable(UrlChecker.java:91)\n\t... 29 more\n"},"stage":"finished","description":"","steps":[],"attachments":[],"parameters":[],"start":1709962101306,"stop":1709962121375}],"afters":[{"name":"tearDown","status":"broken","stage":"finished","description":"","steps":[],"attachments":[],"parameters":[],"start":1709962121499,"stop":1709962121499}],"start":1709962101284,"stop":1709962121558}